<?xml version="1.0" encoding="UTF-8"?>
<testsuite name="com.wkdwoo.book.springboot.web.IndexControllerTest" tests="1" skipped="0" failures="0" errors="0" timestamp="2021-10-29T14:36:26" hostname="DESKTOP-V1UQSI4" time="0.339">
  <properties/>
  <testcase name="메인페이지_로딩()" classname="com.wkdwoo.book.springboot.web.IndexControllerTest" time="0.339"/>
  <system-out><![CDATA[2021-10-29 23:36:23.488  INFO 4180 --- [    Test worker] .b.t.c.SpringBootTestContextBootstrapper : Neither @ContextConfiguration nor @ContextHierarchy found for test class [com.wkdwoo.book.springboot.web.IndexControllerTest], using SpringBootContextLoader
2021-10-29 23:36:23.491  INFO 4180 --- [    Test worker] o.s.t.c.support.AbstractContextLoader    : Could not detect default resource locations for test class [com.wkdwoo.book.springboot.web.IndexControllerTest]: no resource found for suffixes {-context.xml, Context.groovy}.
2021-10-29 23:36:23.491  INFO 4180 --- [    Test worker] t.c.s.AnnotationConfigContextLoaderUtils : Could not detect default configuration classes for test class [com.wkdwoo.book.springboot.web.IndexControllerTest]: IndexControllerTest does not declare any static, non-private, non-final, nested classes annotated with @Configuration.
2021-10-29 23:36:23.494  INFO 4180 --- [    Test worker] .b.t.c.SpringBootTestContextBootstrapper : Found @SpringBootConfiguration com.wkdwoo.book.springboot.Application for test class com.wkdwoo.book.springboot.web.IndexControllerTest
2021-10-29 23:36:23.497  INFO 4180 --- [    Test worker] .b.t.c.SpringBootTestContextBootstrapper : Loaded default TestExecutionListener class names from location [META-INF/spring.factories]: [org.springframework.security.test.context.support.WithSecurityContextTestExecutionListener, org.springframework.security.test.context.support.ReactorContextTestExecutionListener, org.springframework.boot.test.autoconfigure.restdocs.RestDocsTestExecutionListener, org.springframework.boot.test.autoconfigure.web.client.MockRestServiceServerResetTestExecutionListener, org.springframework.boot.test.autoconfigure.web.servlet.MockMvcPrintOnlyOnFailureTestExecutionListener, org.springframework.boot.test.autoconfigure.web.servlet.WebDriverTestExecutionListener, org.springframework.boot.test.autoconfigure.webservices.client.MockWebServiceServerTestExecutionListener, org.springframework.boot.test.mock.mockito.MockitoTestExecutionListener, org.springframework.boot.test.mock.mockito.ResetMocksTestExecutionListener, org.springframework.test.context.web.ServletTestExecutionListener, org.springframework.test.context.support.DirtiesContextBeforeModesTestExecutionListener, org.springframework.test.context.support.DependencyInjectionTestExecutionListener, org.springframework.test.context.support.DirtiesContextTestExecutionListener, org.springframework.test.context.transaction.TransactionalTestExecutionListener, org.springframework.test.context.jdbc.SqlScriptsTestExecutionListener, org.springframework.test.context.event.EventPublishingTestExecutionListener]
2021-10-29 23:36:23.502  INFO 4180 --- [    Test worker] .b.t.c.SpringBootTestContextBootstrapper : Using TestExecutionListeners: [org.springframework.test.context.web.ServletTestExecutionListener@380c481c, org.springframework.test.context.support.DirtiesContextBeforeModesTestExecutionListener@72f3edb7, org.springframework.boot.test.mock.mockito.MockitoTestExecutionListener@33958172, org.springframework.boot.test.autoconfigure.SpringBootDependencyInjectionTestExecutionListener@5c5fa885, org.springframework.test.context.support.DirtiesContextTestExecutionListener@64957ba, org.springframework.test.context.transaction.TransactionalTestExecutionListener@6bba8c91, org.springframework.test.context.jdbc.SqlScriptsTestExecutionListener@743b1e85, org.springframework.security.test.context.support.WithSecurityContextTestExecutionListener@55019b07, org.springframework.test.context.event.EventPublishingTestExecutionListener@1939f29a, org.springframework.security.test.context.support.ReactorContextTestExecutionListener@26d82b28, org.springframework.boot.test.autoconfigure.restdocs.RestDocsTestExecutionListener@a3bd640, org.springframework.boot.test.autoconfigure.web.client.MockRestServiceServerResetTestExecutionListener@533bada3, org.springframework.boot.test.autoconfigure.web.servlet.MockMvcPrintOnlyOnFailureTestExecutionListener@540387c, org.springframework.boot.test.autoconfigure.web.servlet.WebDriverTestExecutionListener@6226d297, org.springframework.boot.test.autoconfigure.webservices.client.MockWebServiceServerTestExecutionListener@367b9145, org.springframework.boot.test.mock.mockito.ResetMocksTestExecutionListener@3823749c]

  .   ____          _            __ _ _
 /\\ / ___'_ __ _ _(_)_ __  __ _ \ \ \ \
( ( )\___ | '_ | '_| | '_ \/ _` | \ \ \ \
 \\/  ___)| |_)| | | | | || (_| |  ) ) ) )
  '  |____| .__|_| |_|_| |_\__, | / / / /
 =========|_|==============|___/=/_/_/_/
 :: Spring Boot ::                (v2.4.1)

2021-10-29 23:36:23.660  INFO 4180 --- [    Test worker] c.w.b.s.web.IndexControllerTest          : Starting IndexControllerTest using Java 1.8.0_221 on DESKTOP-V1UQSI4 with PID 4180 (started by wkdwoo in C:\workspace\Spring\springBoot-Webservice)
2021-10-29 23:36:23.660  INFO 4180 --- [    Test worker] c.w.b.s.web.IndexControllerTest          : The following profiles are active: oauth
2021-10-29 23:36:24.314  INFO 4180 --- [    Test worker] .s.d.r.c.RepositoryConfigurationDelegate : Bootstrapping Spring Data JPA repositories in DEFAULT mode.
2021-10-29 23:36:24.373  INFO 4180 --- [    Test worker] .s.d.r.c.RepositoryConfigurationDelegate : Finished Spring Data repository scanning in 58 ms. Found 2 JPA repository interfaces.
2021-10-29 23:36:24.960  INFO 4180 --- [    Test worker] o.s.b.w.embedded.tomcat.TomcatWebServer  : Tomcat initialized with port(s): 0 (http)
2021-10-29 23:36:24.980  INFO 4180 --- [    Test worker] o.apache.catalina.core.StandardService   : Starting service [Tomcat]
2021-10-29 23:36:24.980  INFO 4180 --- [    Test worker] org.apache.catalina.core.StandardEngine  : Starting Servlet engine: [Apache Tomcat/9.0.41]
2021-10-29 23:36:25.162  INFO 4180 --- [    Test worker] o.a.c.c.C.[Tomcat].[localhost].[/]       : Initializing Spring embedded WebApplicationContext
2021-10-29 23:36:25.163  INFO 4180 --- [    Test worker] w.s.c.ServletWebServerApplicationContext : Root WebApplicationContext: initialization completed in 1497 ms
2021-10-29 23:36:25.221  INFO 4180 --- [    Test worker] com.zaxxer.hikari.HikariDataSource       : HikariPool-2 - Starting...
2021-10-29 23:36:25.222  INFO 4180 --- [    Test worker] com.zaxxer.hikari.HikariDataSource       : HikariPool-2 - Start completed.
2021-10-29 23:36:25.222  INFO 4180 --- [    Test worker] o.s.b.a.h2.H2ConsoleAutoConfiguration    : H2 console available at '/h2-console'. Database available at 'jdbc:h2:mem:testdb'
2021-10-29 23:36:25.482  INFO 4180 --- [    Test worker] o.hibernate.jpa.internal.util.LogHelper  : HHH000204: Processing PersistenceUnitInfo [name: default]
2021-10-29 23:36:25.495  INFO 4180 --- [    Test worker] org.hibernate.dialect.Dialect            : HHH000400: Using dialect: org.hibernate.dialect.MySQL57Dialect
Hibernate: drop table if exists posts
Hibernate: drop table if exists user
Hibernate: create table posts (id bigint not null auto_increment, created_date datetime(6), modified_date datetime(6), author varchar(255), content TEXT not null, title varchar(500) not null, primary key (id)) engine=InnoDB
Hibernate: create table user (id bigint not null auto_increment, email varchar(255) not null, name varchar(255) not null, picture varchar(255), role varchar(255) not null, primary key (id)) engine=InnoDB
2021-10-29 23:36:25.575  INFO 4180 --- [    Test worker] o.h.e.t.j.p.i.JtaPlatformInitiator       : HHH000490: Using JtaPlatform implementation: [org.hibernate.engine.transaction.jta.platform.internal.NoJtaPlatform]
2021-10-29 23:36:25.575  INFO 4180 --- [    Test worker] j.LocalContainerEntityManagerFactoryBean : Initialized JPA EntityManagerFactory for persistence unit 'default'
2021-10-29 23:36:25.945  WARN 4180 --- [    Test worker] JpaBaseConfiguration$JpaWebConfiguration : spring.jpa.open-in-view is enabled by default. Therefore, database queries may be performed during view rendering. Explicitly configure spring.jpa.open-in-view to disable this warning
2021-10-29 23:36:26.231  INFO 4180 --- [    Test worker] o.s.s.web.DefaultSecurityFilterChain     : Will secure any request with [org.springframework.security.web.context.request.async.WebAsyncManagerIntegrationFilter@44d60755, org.springframework.security.web.context.SecurityContextPersistenceFilter@6cf0b8fe, org.springframework.security.web.header.HeaderWriterFilter@110d365d, org.springframework.security.web.authentication.logout.LogoutFilter@532756ba, org.springframework.security.oauth2.client.web.OAuth2AuthorizationRequestRedirectFilter@396d6c6a, org.springframework.security.oauth2.client.web.OAuth2LoginAuthenticationFilter@4d75f764, org.springframework.security.web.authentication.ui.DefaultLoginPageGeneratingFilter@a45fd1b, org.springframework.security.web.authentication.ui.DefaultLogoutPageGeneratingFilter@224b03d8, org.springframework.security.web.savedrequest.RequestCacheAwareFilter@2ce39de9, org.springframework.security.web.servletapi.SecurityContextHolderAwareRequestFilter@54a4f9f6, org.springframework.security.web.authentication.AnonymousAuthenticationFilter@701735c7, org.springframework.security.web.session.SessionManagementFilter@55b161d8, org.springframework.security.web.access.ExceptionTranslationFilter@708fb62, org.springframework.security.web.access.intercept.FilterSecurityInterceptor@4144f7e0]
2021-10-29 23:36:26.461  INFO 4180 --- [    Test worker] o.s.s.concurrent.ThreadPoolTaskExecutor  : Initializing ExecutorService 'applicationTaskExecutor'
2021-10-29 23:36:26.525  INFO 4180 --- [    Test worker] o.s.b.a.w.s.WelcomePageHandlerMapping    : Adding welcome page template: index
2021-10-29 23:36:26.941  INFO 4180 --- [    Test worker] o.s.b.w.embedded.tomcat.TomcatWebServer  : Tomcat started on port(s): 60530 (http) with context path ''
2021-10-29 23:36:26.946  INFO 4180 --- [    Test worker] s.a.ScheduledAnnotationBeanPostProcessor : No TaskScheduler/ScheduledExecutorService bean found for scheduled processing
2021-10-29 23:36:26.947  INFO 4180 --- [    Test worker] c.w.b.s.web.IndexControllerTest          : Started IndexControllerTest in 3.43 seconds (JVM running for 16.101)
2021-10-29 23:36:27.114  INFO 4180 --- [o-auto-1-exec-1] o.a.c.c.C.[Tomcat].[localhost].[/]       : Initializing Spring DispatcherServlet 'dispatcherServlet'
2021-10-29 23:36:27.114  INFO 4180 --- [o-auto-1-exec-1] o.s.web.servlet.DispatcherServlet        : Initializing Servlet 'dispatcherServlet'
2021-10-29 23:36:27.115  INFO 4180 --- [o-auto-1-exec-1] o.s.web.servlet.DispatcherServlet        : Completed initialization in 1 ms
Hibernate: select posts0_.id as id1_0_, posts0_.created_date as created_2_0_, posts0_.modified_date as modified3_0_, posts0_.author as author4_0_, posts0_.content as content5_0_, posts0_.title as title6_0_ from posts posts0_ order by posts0_.id DESC
]]></system-out>
  <system-err><![CDATA[]]></system-err>
</testsuite>
